T0A4C 11137:860 SEGGER J-Link V5.10 Log File (0001ms, 134678ms total)
T0A4C 11137:860 DLL Compiled: Nov 27 2015 17:01:28 (0001ms, 134678ms total)
T0A4C 11137:860 Logging started @ 2016-09-30 16:50 (0001ms, 134678ms total)
T0A4C 11137:890 JLINK_ExecCommand("Device = AT91SAM3S4B", ...)Device "ATSAM3S4B" selected.  returns 0x00 (0001ms, 134679ms total)
T0A4C 11137:905 JLINK_ExecCommand("ProjectFile = C:\Users\Liam James Mulshine\Documents\gen5\robocup-ee\firmware\gen5\SAM3S_Robocup\SAM3S_Robocup\jlink.config", ...)  returns 0x00 (0000ms, 134679ms total)
T0A4C 11137:930 JLINK_ExecCommand("Device = AT91SAM3S4B", ...)Device "ATSAM3S4B" selected.  returns 0x00 (0001ms, 134680ms total)
T0A4C 11137:931 JLINK_TIF_Select(JLINKARM_TIF_JTAG)  returns 0x00 (0002ms, 134682ms total)
T0A4C 11137:933 JLINK_GetIdData(...) >0x2F8 JTAG>TotalIRLen = 4, IRPrint = 0x01 >0x30 JTAG> >0x210 JTAG> >0x70 JTAG> >0x40 JTAG> >0x40 JTAG> >0x40 JTAG> >0x48 JTAG> >0x78 JTAG> >0x40 JTAG> >0x30 JTAG> >0x40 JTAG> >0x40 JTAG> >0x30 JTAG> >0x40 JTAG> >0x48 JTAG>Found Cortex-M3 r2p0, Little endian. -- CPU_ReadMem(4 bytes @ 0xE000EDF0) -- CPU_ReadMem(4 bytes @ 0xE0002000)FPUnit: 6 code (BP) slots and 2 literal slots -- CPU_ReadMem(4 bytes @ 0xE000EDFC) -- CPU_ReadMem(4 bytes @ 0xE0001000)
 -- CPU_WriteMem(4 bytes @ 0xE0001000) -- CPU_ReadMem(4 bytes @ 0xE000ED88) -- CPU_WriteMem(4 bytes @ 0xE000ED88) -- CPU_ReadMem(4 bytes @ 0xE000ED88) -- CPU_WriteMem(4 bytes @ 0xE000ED88)CoreSight components:ROMTbl 0 @ E00FF000 -- CPU_ReadMem(16 bytes @ 0xE00FF000) -- CPU_ReadMem(16 bytes @ 0xE000EFF0) -- CPU_ReadMem(16 bytes @ 0xE000EFE0)ROMTbl 0 [0]: FFF0F000, CID: B105E00D, PID: 002BB000 SCS -- CPU_ReadMem(16 bytes @ 0xE0001FF0) -- CPU_ReadMem(16 bytes @ 0xE0001FE0)
ROMTbl 0 [1]: FFF02000, CID: B105E00D, PID: 002BB002 DWT -- CPU_ReadMem(16 bytes @ 0xE0002FF0) -- CPU_ReadMem(16 bytes @ 0xE0002FE0)ROMTbl 0 [2]: FFF03000, CID: B105E00D, PID: 002BB003 FPB -- CPU_ReadMem(16 bytes @ 0xE0000FF0) -- CPU_ReadMem(16 bytes @ 0xE0000FE0)ROMTbl 0 [3]: FFF01000, CID: B105E00D, PID: 002BB001 ITM -- CPU_ReadMem(16 bytes @ 0xE00FF010) -- CPU_ReadMem(16 bytes @ 0xE0040FF0) -- CPU_ReadMem(16 bytes @ 0xE0040FE0)ROMTbl 0 [4]: FFF41000, CID: B105900D, PID: 002BB923 TPIU-Lite ScanLen=4
 NumDevices=1 aId[0]=0x4BA00477 aIrRead[0]=0 aScanLen[0]=0 aScanRead[0]=0 (0048ms, 134730ms total)
T0A4C 11137:981 JLINK_ConfigJTAG(IRPre = 0, DRPre = 0) (0000ms, 134730ms total)
T0A4C 11137:981 JLINK_SetSpeed(4000) (0000ms, 134730ms total)
T0A4C 11137:981 JLINK_ResetPullsRESET(OFF) (0000ms, 134730ms total)
T0A4C 11137:981 JLINK_Connect() >0x2F8 JTAG>TotalIRLen = 4, IRPrint = 0x01 >0x30 JTAG> >0x210 JTAG> >0x70 JTAG> >0x40 JTAG> >0x40 JTAG> >0x40 JTAG> >0x48 JTAG> >0x78 JTAG> >0x40 JTAG> >0x30 JTAG> >0x40 JTAG> >0x40 JTAG> >0x30 JTAG> >0x40 JTAG> >0x48 JTAG>Found Cortex-M3 r2p0, Little endian. -- CPU_ReadMem(4 bytes @ 0xE000EDF0) -- CPU_ReadMem(4 bytes @ 0xE0002000)FPUnit: 6 code (BP) slots and 2 literal slots -- CPU_ReadMem(4 bytes @ 0xE000EDFC) -- CPU_ReadMem(4 bytes @ 0xE0001000)
 -- CPU_WriteMem(4 bytes @ 0xE0001000) -- CPU_ReadMem(4 bytes @ 0xE000ED88) -- CPU_WriteMem(4 bytes @ 0xE000ED88) -- CPU_ReadMem(4 bytes @ 0xE000ED88) -- CPU_WriteMem(4 bytes @ 0xE000ED88)CoreSight components:ROMTbl 0 @ E00FF000 -- CPU_ReadMem(16 bytes @ 0xE00FF000) -- CPU_ReadMem(16 bytes @ 0xE000EFF0) -- CPU_ReadMem(16 bytes @ 0xE000EFE0)ROMTbl 0 [0]: FFF0F000, CID: B105E00D, PID: 002BB000 SCS -- CPU_ReadMem(16 bytes @ 0xE0001FF0) -- CPU_ReadMem(16 bytes @ 0xE0001FE0)
ROMTbl 0 [1]: FFF02000, CID: B105E00D, PID: 002BB002 DWT -- CPU_ReadMem(16 bytes @ 0xE0002FF0) -- CPU_ReadMem(16 bytes @ 0xE0002FE0)ROMTbl 0 [2]: FFF03000, CID: B105E00D, PID: 002BB003 FPB -- CPU_ReadMem(16 bytes @ 0xE0000FF0) -- CPU_ReadMem(16 bytes @ 0xE0000FE0)ROMTbl 0 [3]: FFF01000, CID: B105E00D, PID: 002BB001 ITM -- CPU_ReadMem(16 bytes @ 0xE00FF010) -- CPU_ReadMem(16 bytes @ 0xE0040FF0) -- CPU_ReadMem(16 bytes @ 0xE0040FE0)ROMTbl 0 [4]: FFF41000, CID: B105900D, PID: 002BB923 TPIU-Lite
  returns 0x00 (0026ms, 134756ms total)
T0A4C 11138:007 JLINK_Halt()  returns 0x00 (0003ms, 134759ms total)
T0A4C 11138:011 JLINK_WriteMem(0x400E0A04, 0x0004 Bytes, ...) - Data: 0B 01 00 5A -- CPU_WriteMem(4 bytes @ 0x400E0A04)  returns 0x04 (0001ms, 134760ms total)
T0A4C 11138:012 JLINK_ReadMem (0x400E0A08, 0x0004 Bytes, ...) -- CPU_ReadMem(4 bytes @ 0x400E0A08) - Data: 01 00 00 00  returns 0x00 (0001ms, 134761ms total)
T0A4C 11138:013 JLINK_Reset() -- CPU_ReadMem(16 bytes @ 0x20000000) -- CPU_WriteMem(16 bytes @ 0x20000000) -- CPU_ReadMem(4 bytes @ 0xE000EDFC) -- CPU_WriteMem(4 bytes @ 0xE000EDFC) -- CPU_ReadMem(4 bytes @ 0xE0001000) -- CPU_WriteMem(4 bytes @ 0xE000ED0C) -- CPU_ReadMem(4 bytes @ 0xE000EDF0) -- CPU_ReadMem(4 bytes @ 0xE000EDF0) -- CPU_WriteMem(4 bytes @ 0xE000EDFC) -- CPU_WriteMem(16 bytes @ 0x20000000) -- CPU_WriteMem(4 bytes @ 0xE0002000) -- CPU_ReadMem(4 bytes @ 0xE000EDFC)
 -- CPU_ReadMem(4 bytes @ 0xE0001000) (0031ms, 134792ms total)
T0A4C 11138:062 JLINK_JTAG_GetDeviceID(DeviceIndex = 0)  returns 0x4BA00477 (0000ms, 134792ms total)
T0A4C 11138:062 JLINK_ReadMemU32(0x400E0740, 0x0001 Items, ...) -- CPU_ReadMem(4 bytes @ 0x400E0740) - Data: 60 09 90 28  returns 0x01 (0001ms, 134793ms total)
T0A4C 11138:063 JLINK_ReadMemU32(0x400E0744, 0x0001 Items, ...) -- CPU_ReadMem(4 bytes @ 0x400E0744) - Data: 00 00 00 00  returns 0x01 (0000ms, 134793ms total)
T0A4C 11138:063 JLINK_WriteMem(0x400E0A04, 0x0004 Bytes, ...) - Data: 05 00 00 5A -- CPU_WriteMem(4 bytes @ 0x400E0A04)  returns 0x04 (0001ms, 134794ms total)
T0A4C 11138:064 JLINK_ReadMem (0x400E0A08, 0x0004 Bytes, ...) -- CPU_ReadMem(4 bytes @ 0x400E0A08) - Data: 00 00 00 00  returns 0x00 (0001ms, 134795ms total)
T0A4C 11138:066 JLINK_ReadMem (0x400E0A08, 0x0004 Bytes, ...) -- CPU_ReadMem(4 bytes @ 0x400E0A08) - Data: 00 00 00 00  returns 0x00 (0001ms, 134796ms total)
T0A4C 11138:071 JLINK_ReadMem (0x400E0A08, 0x0004 Bytes, ...) -- CPU_ReadMem(4 bytes @ 0x400E0A08) - Data: 00 00 00 00  returns 0x00 (0001ms, 134797ms total)
T0788 11138:073 JLINK_IsHalted()  returns TRUE (0000ms, 134797ms total)
T0788 11138:073 JLINK_GetMOEs(...) -- CPU_ReadMem(4 bytes @ 0xE000ED30) -- CPU_WriteMem(4 bytes @ 0xE000ED30)  returns 0x01 (0001ms, 134798ms total)
T0788 11138:074 JLINK_ReadReg(R15 (PC))  returns 0x004007C8 (0001ms, 134799ms total)
T0A4C 11138:088 JLINK_ReadMem (0x400E0A08, 0x0004 Bytes, ...) -- CPU_ReadMem(4 bytes @ 0x400E0A08) - Data: 01 00 00 00  returns 0x00 (0001ms, 134800ms total)
T0788 11138:275 JLINK_IsHalted()  returns TRUE (0000ms, 134800ms total)
T0A4C 11138:277 JLINK_ResetPullsRESET(ON) (0000ms, 134800ms total)
T0A4C 11138:277 JLINK_ResetNoHalt() >0x2F8 JTAG>TotalIRLen = 4, IRPrint = 0x01 >0x30 JTAG> >0x210 JTAG> >0x70 JTAG> >0x40 JTAG> >0x40 JTAG> >0x40 JTAG> >0x48 JTAG> >0x78 JTAG> >0x40 JTAG> >0x30 JTAG> >0x40 JTAG> >0x40 JTAG> >0x30 JTAG> >0x40 JTAG> >0x48 JTAG>Found Cortex-M3 r2p0, Little endian. -- CPU_ReadMem(4 bytes @ 0xE000EDF0) -- CPU_ReadMem(4 bytes @ 0xE0002000)FPUnit: 6 code (BP) slots and 2 literal slots -- CPU_ReadMem(4 bytes @ 0xE000EDFC) -- CPU_ReadMem(4 bytes @ 0xE0001000)
 -- CPU_ReadMem(4 bytes @ 0xE000ED88) -- CPU_WriteMem(4 bytes @ 0xE000ED88) -- CPU_ReadMem(4 bytes @ 0xE000ED88) -- CPU_WriteMem(4 bytes @ 0xE000ED88)CoreSight components:ROMTbl 0 @ E00FF000 -- CPU_ReadMem(16 bytes @ 0xE00FF000) -- CPU_ReadMem(16 bytes @ 0xE000EFF0) -- CPU_ReadMem(16 bytes @ 0xE000EFE0)ROMTbl 0 [0]: FFF0F000, CID: B105E00D, PID: 002BB000 SCS -- CPU_WriteMem(4 bytes @ 0xE0001000) -- CPU_ReadMem(16 bytes @ 0xE0001FF0) -- CPU_ReadMem(16 bytes @ 0xE0001FE0)
ROMTbl 0 [1]: FFF02000, CID: B105E00D, PID: 002BB002 DWT -- CPU_ReadMem(16 bytes @ 0xE0002FF0) -- CPU_ReadMem(16 bytes @ 0xE0002FE0)ROMTbl 0 [2]: FFF03000, CID: B105E00D, PID: 002BB003 FPB -- CPU_ReadMem(16 bytes @ 0xE0000FF0) -- CPU_ReadMem(16 bytes @ 0xE0000FE0)ROMTbl 0 [3]: FFF01000, CID: B105E00D, PID: 002BB001 ITM -- CPU_ReadMem(16 bytes @ 0xE00FF010) -- CPU_ReadMem(16 bytes @ 0xE0040FF0) -- CPU_ReadMem(16 bytes @ 0xE0040FE0)ROMTbl 0 [4]: FFF41000, CID: B105900D, PID: 002BB923 TPIU-Lite
                JLINK_Reset() -- CPU_ReadMem(16 bytes @ 0x20000000) -- CPU_WriteMem(16 bytes @ 0x20000000) -- CPU_ReadMem(4 bytes @ 0xE000EDFC) -- CPU_WriteMem(4 bytes @ 0xE000EDFC) -- CPU_ReadMem(4 bytes @ 0xE0001000) -- CPU_WriteMem(4 bytes @ 0xE0001004) -- CPU_WriteMem(4 bytes @ 0xE000ED0C) -- CPU_ReadMem(4 bytes @ 0xE000EDF0) -- CPU_ReadMem(4 bytes @ 0xE000EDF0) -- CPU_WriteMem(4 bytes @ 0xE000EDFC) -- CPU_WriteMem(16 bytes @ 0x20000000) -- CPU_WriteMem(4 bytes @ 0xE0002000)
 -- CPU_ReadMem(4 bytes @ 0xE000EDFC) -- CPU_ReadMem(4 bytes @ 0xE0001000) (0032ms, 0032ms total)
                JLINK_Go() -- CPU_ReadMem(4 bytes @ 0xE0001000) -- CPU_WriteMem(4 bytes @ 0xE0001004) (0002ms, 0034ms total)
               (0070ms, 134870ms total)
T0A4C 11138:348 JLINK_ExecCommand("ProjectFile = C:\Users\Liam James Mulshine\Documents\gen5\robocup-ee\firmware\gen5\SAM3S_Robocup\SAM3S_Robocup\jlink.config", ...)  returns 0x00 (0000ms, 134870ms total)
T0A4C 11138:374 JLINK_ExecCommand("Device = AT91SAM3S4B", ...)Device "ATSAM3S4B" selected.  returns 0x00 (0000ms, 134870ms total)
T0A4C 11138:374 JLINK_TIF_Select(JLINKARM_TIF_JTAG)  returns 0x00 (0000ms, 134870ms total)
T0A4C 11138:374 JLINK_GetIdData(...) ScanLen=4 NumDevices=1 aId[0]=0x4BA00477 aIrRead[0]=0 aScanLen[0]=0 aScanRead[0]=0 (0000ms, 134870ms total)
T0A4C 11138:374 JLINK_ConfigJTAG(IRPre = 0, DRPre = 0) (0000ms, 134870ms total)
T0A4C 11138:374 JLINK_SetSpeed(4000) (0001ms, 134871ms total)
T0A4C 11138:375 JLINK_ResetPullsRESET(OFF) (0000ms, 134871ms total)
T0A4C 11138:375 JLINK_Connect() >0x2F8 JTAG>TotalIRLen = 4, IRPrint = 0x01 >0x30 JTAG> >0x210 JTAG> >0x70 JTAG> >0x40 JTAG> >0x40 JTAG> >0x40 JTAG> >0x48 JTAG> >0x78 JTAG> >0x40 JTAG> >0x30 JTAG> >0x40 JTAG> >0x40 JTAG> >0x30 JTAG> >0x40 JTAG> >0x48 JTAG>Found Cortex-M3 r2p0, Little endian. -- CPU_ReadMem(4 bytes @ 0xE000EDF0) -- CPU_ReadMem(4 bytes @ 0xE0002000)FPUnit: 6 code (BP) slots and 2 literal slots -- CPU_ReadMem(4 bytes @ 0xE000EDFC) -- CPU_ReadMem(4 bytes @ 0xE0001000)
 -- CPU_WriteMem(4 bytes @ 0xE0001000) -- CPU_ReadMem(4 bytes @ 0xE000ED88) -- CPU_WriteMem(4 bytes @ 0xE000ED88) -- CPU_ReadMem(4 bytes @ 0xE000ED88) -- CPU_WriteMem(4 bytes @ 0xE000ED88)CoreSight components:ROMTbl 0 @ E00FF000 -- CPU_ReadMem(16 bytes @ 0xE00FF000) -- CPU_ReadMem(16 bytes @ 0xE000EFF0) -- CPU_ReadMem(16 bytes @ 0xE000EFE0)ROMTbl 0 [0]: FFF0F000, CID: B105E00D, PID: 002BB000 SCS -- CPU_ReadMem(16 bytes @ 0xE0001FF0) -- CPU_ReadMem(16 bytes @ 0xE0001FE0)
ROMTbl 0 [1]: FFF02000, CID: B105E00D, PID: 002BB002 DWT -- CPU_ReadMem(16 bytes @ 0xE0002FF0) -- CPU_ReadMem(16 bytes @ 0xE0002FE0)ROMTbl 0 [2]: FFF03000, CID: B105E00D, PID: 002BB003 FPB -- CPU_ReadMem(16 bytes @ 0xE0000FF0) -- CPU_ReadMem(16 bytes @ 0xE0000FE0)ROMTbl 0 [3]: FFF01000, CID: B105E00D, PID: 002BB001 ITM -- CPU_ReadMem(16 bytes @ 0xE00FF010) -- CPU_ReadMem(16 bytes @ 0xE0040FF0) -- CPU_ReadMem(16 bytes @ 0xE0040FE0)ROMTbl 0 [4]: FFF41000, CID: B105900D, PID: 002BB923 TPIU-Lite
  returns 0x00 (0024ms, 134895ms total)
T0A4C 11138:399 JLINK_Halt()  returns 0x00 (0004ms, 134899ms total)
T0A4C 11138:403 JLINK_WriteMem(0x400E0A04, 0x0004 Bytes, ...) - Data: 0B 01 00 5A -- CPU_WriteMem(4 bytes @ 0x400E0A04)  returns 0x04 (0001ms, 134900ms total)
T0A4C 11138:404 JLINK_ReadMem (0x400E0A08, 0x0004 Bytes, ...) -- CPU_ReadMem(4 bytes @ 0x400E0A08) - Data: 01 00 00 00  returns 0x00 (0001ms, 134901ms total)
T0A4C 11138:405 JLINK_Reset() -- CPU_ReadMem(16 bytes @ 0x20000000) -- CPU_WriteMem(16 bytes @ 0x20000000) -- CPU_ReadMem(4 bytes @ 0xE000EDFC) -- CPU_WriteMem(4 bytes @ 0xE000EDFC) -- CPU_ReadMem(4 bytes @ 0xE0001000) -- CPU_WriteMem(4 bytes @ 0xE000ED0C) -- CPU_ReadMem(4 bytes @ 0xE000EDF0) -- CPU_ReadMem(4 bytes @ 0xE000EDF0) -- CPU_WriteMem(4 bytes @ 0xE000EDFC) -- CPU_WriteMem(16 bytes @ 0x20000000) -- CPU_WriteMem(4 bytes @ 0xE0002000) -- CPU_ReadMem(4 bytes @ 0xE000EDFC)
 -- CPU_ReadMem(4 bytes @ 0xE0001000) (0034ms, 134935ms total)
T0A4C 11138:454 JLINK_JTAG_GetDeviceID(DeviceIndex = 0)  returns 0x4BA00477 (0000ms, 134935ms total)
T0A4C 11138:454 JLINK_ReadMemU32(0x400E0740, 0x0001 Items, ...) -- CPU_ReadMem(4 bytes @ 0x400E0740) - Data: 60 09 90 28  returns 0x01 (0001ms, 134936ms total)
T0A4C 11138:455 JLINK_ReadMemU32(0x400E0744, 0x0001 Items, ...) -- CPU_ReadMem(4 bytes @ 0x400E0744) - Data: 00 00 00 00  returns 0x01 (0000ms, 134936ms total)
T0A4C 11138:460 JLINK_BeginDownload(Flags = 0x00) (0000ms, 134936ms total)
T0A4C 11138:461 JLINK_WriteMem(0x00400000, 0x0B70 Bytes, ...) - Data: A8 25 00 20 C9 07 40 00 C5 07 40 00 C5 07 40 00 ...  returns 0xB70 (0000ms, 134937ms total)
T0A4C 11138:462 JLINK_WriteMem(0x00400B70, 0x0510 Bytes, ...) - Data: 4F F4 40 72 1F 4B 1A 60 A3 F5 C0 63 1B 6A 13 F0 ...  returns 0x510 (0000ms, 134937ms total)
T0D9C 11138:497 JLINK_IsHalted()  returns TRUE (0000ms, 134937ms total)
T0D9C 11138:497 JLINK_GetMOEs(...) -- CPU_ReadMem(4 bytes @ 0xE000ED30) -- CPU_WriteMem(4 bytes @ 0xE000ED30)  returns 0x01 (0005ms, 134942ms total)
T0D9C 11138:502 JLINK_ReadReg(R15 (PC)) -- -------------------------------------- -- Start of determining dirty areas in flash cache -- End of determining dirty areas -- Start of preparing flash programming -- Calculating RAM usage -- RAM usage = 2692 Bytes -- Preserving CPU registers -- Preparing memory -- Determining CPU clock frequency -- CPU clock frequency: 3486 kHz -- CPU frequency = 3486 kHz -- Preparing target -- Downloading RAMCode -- Checking target RAM -- Preparing RAMCode
 -- End of preparing flash programmingCPU is running at low speed (3486 kHz). -- CPU is running at 3486 kHz. -- Start of comparing flash -- Read back was estimated as fastest method -- Comparing range 0x400000 - 0x4010FF (17 Sectors, 4 KB), using multi-block CRC calculation -- CPU is running -- CPU_ReadMem(256 bytes @ 0x00400000) -- CPU is running -- CPU_ReadMem(256 bytes @ 0x00400100) -- CPU is running -- CPU_ReadMem(256 bytes @ 0x00400200) -- CPU is running -- CPU_ReadMem(256 bytes @ 0x00400300)
 -- CPU is running -- CPU_ReadMem(256 bytes @ 0x00400400) -- CPU is running -- CPU_ReadMem(256 bytes @ 0x00400500) -- CPU is running -- CPU_ReadMem(256 bytes @ 0x00400600) -- CPU is running -- CPU_ReadMem(256 bytes @ 0x00400700) -- CPU is running -- CPU_ReadMem(256 bytes @ 0x00400800) -- CPU is running -- CPU_ReadMem(256 bytes @ 0x00400900) -- CPU is running -- CPU_ReadMem(256 bytes @ 0x00400A00) -- CPU is running -- CPU_ReadMem(256 bytes @ 0x00400B00) -- CPU is running
 -- CPU_ReadMem(256 bytes @ 0x00400C00) -- CPU is running -- CPU_ReadMem(256 bytes @ 0x00400D00) -- CPU is running -- CPU_ReadMem(256 bytes @ 0x00400E00) -- CPU is running -- CPU_ReadMem(256 bytes @ 0x00400F00) -- CPU is running -- CPU_ReadMem(256 bytes @ 0x00401000) -- CRC does not match for sectors 0-16 -- End of comparing flash -- Start of erasing sectors -- End of erasing sectors -- Start of flash programming -- Programming range 0x00400000 - 0x004010FF (017 Sectors, 4 KB) -- End of flash programming
 -- 0x400000 - 0x4010FF (017 Sectors, 4 KB) -- Start of verifying flash -- Checksum calculation was estimated as fastest method -- End of verifying flash -- Start of restoring -- Restore RAMCode -- Restore content of target memory -- Restore target -- Restore memory -- Restoring CPU registers -- End of restoring -- Flash programming performed for 1 range (4352 bytes) -- Total time needed: 0.252s (Prepare: 0.091s, Compare: 0.063s, Erase: 0.000s, Program: 0.085s, Verify: 0.003s, Restore: 0.009s)
  returns 0xFFFFFFFE (0256ms, 135198ms total)
T0A4C 11138:761 JLINK_EndDownload()  returns 0x00 (0000ms, 135198ms total)
T0A4C 11138:761 JLINK_ResetPullsRESET(ON) (0000ms, 135198ms total)
T0A4C 11138:761 JLINK_ResetNoHalt() >0x2F8 JTAG>TotalIRLen = 4, IRPrint = 0x01 >0x30 JTAG> >0x210 JTAG> >0x70 JTAG> >0x40 JTAG> >0x40 JTAG> >0x40 JTAG> >0x48 JTAG> >0x78 JTAG> >0x40 JTAG> >0x30 JTAG> >0x40 JTAG> >0x40 JTAG> >0x30 JTAG> >0x40 JTAG> >0x48 JTAG>Found Cortex-M3 r2p0, Little endian. -- CPU_ReadMem(4 bytes @ 0xE000EDF0) -- CPU_ReadMem(4 bytes @ 0xE0002000)FPUnit: 6 code (BP) slots and 2 literal slots -- CPU_ReadMem(4 bytes @ 0xE000EDFC) -- CPU_ReadMem(4 bytes @ 0xE0001000)
 -- CPU_ReadMem(4 bytes @ 0xE000ED88) -- CPU_WriteMem(4 bytes @ 0xE000ED88) -- CPU_ReadMem(4 bytes @ 0xE000ED88) -- CPU_WriteMem(4 bytes @ 0xE000ED88)CoreSight components:ROMTbl 0 @ E00FF000 -- CPU_ReadMem(16 bytes @ 0xE00FF000) -- CPU_ReadMem(16 bytes @ 0xE000EFF0) -- CPU_ReadMem(16 bytes @ 0xE000EFE0)ROMTbl 0 [0]: FFF0F000, CID: B105E00D, PID: 002BB000 SCS -- CPU_WriteMem(4 bytes @ 0xE0001000) -- CPU_ReadMem(16 bytes @ 0xE0001FF0) -- CPU_ReadMem(16 bytes @ 0xE0001FE0)
ROMTbl 0 [1]: FFF02000, CID: B105E00D, PID: 002BB002 DWT -- CPU_ReadMem(16 bytes @ 0xE0002FF0) -- CPU_ReadMem(16 bytes @ 0xE0002FE0)ROMTbl 0 [2]: FFF03000, CID: B105E00D, PID: 002BB003 FPB -- CPU_ReadMem(16 bytes @ 0xE0000FF0) -- CPU_ReadMem(16 bytes @ 0xE0000FE0)ROMTbl 0 [3]: FFF01000, CID: B105E00D, PID: 002BB001 ITM -- CPU_ReadMem(16 bytes @ 0xE00FF010) -- CPU_ReadMem(16 bytes @ 0xE0040FF0) -- CPU_ReadMem(16 bytes @ 0xE0040FE0)ROMTbl 0 [4]: FFF41000, CID: B105900D, PID: 002BB923 TPIU-Lite
                JLINK_Reset() -- CPU_ReadMem(16 bytes @ 0x20000000) -- CPU_WriteMem(16 bytes @ 0x20000000) -- CPU_ReadMem(4 bytes @ 0xE000EDFC) -- CPU_WriteMem(4 bytes @ 0xE000EDFC) -- CPU_ReadMem(4 bytes @ 0xE0001000) -- CPU_WriteMem(4 bytes @ 0xE000ED0C) -- CPU_ReadMem(4 bytes @ 0xE000EDF0) -- CPU_ReadMem(4 bytes @ 0xE000EDF0) -- CPU_WriteMem(4 bytes @ 0xE000EDFC) -- CPU_WriteMem(16 bytes @ 0x20000000) -- CPU_WriteMem(4 bytes @ 0xE0002000) -- CPU_ReadMem(4 bytes @ 0xE000EDFC)
 -- CPU_ReadMem(4 bytes @ 0xE0001000) (0040ms, 0040ms total)
                JLINK_Go() -- CPU_ReadMem(4 bytes @ 0xE0001000) -- CPU_WriteMem(4 bytes @ 0xE0001004) (0003ms, 0043ms total)
               (0069ms, 135267ms total)
T0A4C 11138:849 JLINK_Close() >0x78 JTAG> >0x08 JTAG> (0004ms, 135271ms total)
T0A4C 11138:849  (0004ms, 135271ms total)
T0A4C 11138:849 Closed (0004ms, 135271ms total)
